2021-06-03 00:58:27 Error: [CakeException] Authorization adapter "Coesma" was not found.
Request URL: /belezinhafut/
Stack Trace:
#0 C:\xampp\cake_2.10\lib\Cake\Controller\Component\AuthComponent.php(583): AuthComponent->constructAuthorize()
#1 C:\xampp\apps\belezinhafut\Controller\AppController.php(54): AuthComponent->mapActions(Array)
#2 [internal function]: AppController->beforeFilter(Object(CakeEvent))
#3 C:\xampp\cake_2.10\lib\Cake\Event\CakeEventManager.php(243): call_user_func(Array, Object(CakeEvent))
#4 C:\xampp\cake_2.10\lib\Cake\Controller\Controller.php(682): CakeEventManager->dispatch(Object(CakeEvent))
#5 C:\xampp\cake_2.10\lib\Cake\Routing\Dispatcher.php(189): Controller->startupProcess()
#6 C:\xampp\cake_2.10\lib\Cake\Routing\Dispatcher.php(167): Dispatcher->_invoke(Object(JogadoresController), Object(CakeRequest))
#7 C:\xampp\htdocs\belezinhafut\index.php(118): Dispatcher->dispatch(Object(CakeRequest), Object(CakeResponse))
#8 {main}
2021-06-03 01:00:27 Error: [MissingActionException] Action JogadoresController::display() could not be found.
Exception Attributes: array (
  'controller' => 'JogadoresController',
  'action' => 'display',
)
Request URL: /belezinhafut/
Stack Trace:
#0 C:\xampp\cake_2.10\lib\Cake\Routing\Dispatcher.php(193): Controller->invokeAction(Object(CakeRequest))
#1 C:\xampp\cake_2.10\lib\Cake\Routing\Dispatcher.php(167): Dispatcher->_invoke(Object(JogadoresController), Object(CakeRequest))
#2 C:\xampp\htdocs\belezinhafut\index.php(118): Dispatcher->dispatch(Object(CakeRequest), Object(CakeResponse))
#3 {main}
2021-06-03 01:00:36 Error: Fatal Error (1): Call to undefined method JogadoresController::setPaginateConditions() in [C:\xampp\apps\belezinhafut\Controller\AppController.php, line 8]
2021-06-03 01:00:36 Error: [FatalErrorException] Call to undefined method JogadoresController::setPaginateConditions()
Request URL: /belezinhafut/
Stack Trace:
#0 C:\xampp\cake_2.10\lib\Cake\Error\ErrorHandler.php(212): ErrorHandler::handleFatalError(1, 'Call to undefin...', 'C:\\xampp\\apps\\b...', 8)
#1 [internal function]: ErrorHandler::handleError(1, 'Call to undefin...', 'C:\\xampp\\apps\\b...', 8, Array)
#2 C:\xampp\cake_2.10\lib\Cake\Core\App.php(970): call_user_func('ErrorHandler::h...', 1, 'Call to undefin...', 'C:\\xampp\\apps\\b...', 8, Array)
#3 C:\xampp\cake_2.10\lib\Cake\Core\App.php(943): App::_checkFatalError()
#4 [internal function]: App::shutdown()
#5 {main}
2021-06-03 01:04:25 Error: [MissingConnectionException] Database connection "Mysql" is missing, or could not be created.
Exception Attributes: array (
  'class' => 'Mysql',
  'message' => 'SQLSTATE[HY000] [1049] Unknown database \'belezinha\'',
  'enabled' => true,
)
Request URL: /belezinhafut/
Stack Trace:
#0 C:\xampp\cake_2.10\lib\Cake\Model\Datasource\DboSource.php(278): Mysql->connect()
#1 C:\xampp\cake_2.10\lib\Cake\Model\ConnectionManager.php(105): DboSource->__construct(Array)
#2 C:\xampp\cake_2.10\lib\Cake\Model\Model.php(3646): ConnectionManager::getDataSource('default')
#3 C:\xampp\cake_2.10\lib\Cake\Model\Model.php(1162): Model->setDataSource('default')
#4 C:\xampp\cake_2.10\lib\Cake\Model\Model.php(3673): Model->setSource('jogadores')
#5 C:\xampp\cake_2.10\lib\Cake\Model\Model.php(3040): Model->getDataSource()
#6 C:\xampp\cake_2.10\lib\Cake\Model\Model.php(3012): Model->_readDataSource('all', Array)
#7 C:\xampp\cake_2.10\lib\Cake\Controller\Component\PaginatorComponent.php(212): Model->find('all', Array)
#8 C:\xampp\cake_2.10\lib\Cake\Controller\Controller.php(1107): PaginatorComponent->paginate(NULL, Array, Array)
#9 C:\xampp\apps\belezinhafut\Controller\AppController.php(10): Controller->paginate()
#10 [internal function]: AppController->index('home')
#11 C:\xampp\cake_2.10\lib\Cake\Controller\Controller.php(499): ReflectionMethod->invokeArgs(Object(JogadoresController), Array)
#12 C:\xampp\cake_2.10\lib\Cake\Routing\Dispatcher.php(193): Controller->invokeAction(Object(CakeRequest))
#13 C:\xampp\cake_2.10\lib\Cake\Routing\Dispatcher.php(167): Dispatcher->_invoke(Object(JogadoresController), Object(CakeRequest))
#14 C:\xampp\htdocs\belezinhafut\index.php(118): Dispatcher->dispatch(Object(CakeRequest), Object(CakeResponse))
#15 {main}
2021-06-03 01:04:43 Error: [PDOException] SQLSTATE[42S22]: Column not found: 1054 Unknown column 'Jogadores.id' in 'field list'
Request URL: /belezinhafut/
Stack Trace:
#0 C:\xampp\cake_2.10\lib\Cake\Model\Datasource\DboSource.php(502): PDOStatement->execute(Array)
#1 C:\xampp\cake_2.10\lib\Cake\Model\Datasource\DboSource.php(468): DboSource->_execute('SELECT `Jogador...', Array)
#2 C:\xampp\cake_2.10\lib\Cake\Model\Datasource\DboSource.php(715): DboSource->execute('SELECT `Jogador...', Array, Array)
#3 C:\xampp\cake_2.10\lib\Cake\Model\Datasource\DboSource.php(1226): DboSource->fetchAll('SELECT `Jogador...', false)
#4 C:\xampp\cake_2.10\lib\Cake\Model\Model.php(3040): DboSource->read(Object(AppModel), Array)
#5 C:\xampp\cake_2.10\lib\Cake\Model\Model.php(3012): Model->_readDataSource('all', Array)
#6 C:\xampp\cake_2.10\lib\Cake\Controller\Component\PaginatorComponent.php(212): Model->find('all', Array)
#7 C:\xampp\cake_2.10\lib\Cake\Controller\Controller.php(1107): PaginatorComponent->paginate(NULL, Array, Array)
#8 C:\xampp\apps\belezinhafut\Controller\AppController.php(10): Controller->paginate()
#9 [internal function]: AppController->index('home')
#10 C:\xampp\cake_2.10\lib\Cake\Controller\Controller.php(499): ReflectionMethod->invokeArgs(Object(JogadoresController), Array)
#11 C:\xampp\cake_2.10\lib\Cake\Routing\Dispatcher.php(193): Controller->invokeAction(Object(CakeRequest))
#12 C:\xampp\cake_2.10\lib\Cake\Routing\Dispatcher.php(167): Dispatcher->_invoke(Object(JogadoresController), Object(CakeRequest))
#13 C:\xampp\htdocs\belezinhafut\index.php(118): Dispatcher->dispatch(Object(CakeRequest), Object(CakeResponse))
#14 {main}
2021-06-03 01:07:38 Error: [PDOException] SQLSTATE[42S22]: Column not found: 1054 Unknown column 'Jogadores.id' in 'field list'
Request URL: /belezinhafut/
Stack Trace:
#0 C:\xampp\cake_2.10\lib\Cake\Model\Datasource\DboSource.php(502): PDOStatement->execute(Array)
#1 C:\xampp\cake_2.10\lib\Cake\Model\Datasource\DboSource.php(468): DboSource->_execute('SELECT `Jogador...', Array)
#2 C:\xampp\cake_2.10\lib\Cake\Model\Datasource\DboSource.php(715): DboSource->execute('SELECT `Jogador...', Array, Array)
#3 C:\xampp\cake_2.10\lib\Cake\Model\Datasource\DboSource.php(1226): DboSource->fetchAll('SELECT `Jogador...', false)
#4 C:\xampp\cake_2.10\lib\Cake\Model\Model.php(3040): DboSource->read(Object(AppModel), Array)
#5 C:\xampp\cake_2.10\lib\Cake\Model\Model.php(3012): Model->_readDataSource('all', Array)
#6 C:\xampp\cake_2.10\lib\Cake\Controller\Component\PaginatorComponent.php(212): Model->find('all', Array)
#7 C:\xampp\cake_2.10\lib\Cake\Controller\Controller.php(1107): PaginatorComponent->paginate(NULL, Array, Array)
#8 C:\xampp\apps\belezinhafut\Controller\AppController.php(10): Controller->paginate()
#9 [internal function]: AppController->index('home')
#10 C:\xampp\cake_2.10\lib\Cake\Controller\Controller.php(499): ReflectionMethod->invokeArgs(Object(JogadoresController), Array)
#11 C:\xampp\cake_2.10\lib\Cake\Routing\Dispatcher.php(193): Controller->invokeAction(Object(CakeRequest))
#12 C:\xampp\cake_2.10\lib\Cake\Routing\Dispatcher.php(167): Dispatcher->_invoke(Object(JogadoresController), Object(CakeRequest))
#13 C:\xampp\htdocs\belezinhafut\index.php(118): Dispatcher->dispatch(Object(CakeRequest), Object(CakeResponse))
#14 {main}
2021-06-03 01:07:49 Error: [MissingLayoutException] Layout file "Layouts\bootstrap.ctp" is missing.
Exception Attributes: array (
  'file' => 'Layouts\\bootstrap.ctp',
)
Request URL: /belezinhafut/
Stack Trace:
#0 C:\xampp\cake_2.10\lib\Cake\View\View.php(514): View->_getLayoutFileName('bootstrap')
#1 C:\xampp\cake_2.10\lib\Cake\View\View.php(481): View->renderLayout('', 'bootstrap')
#2 C:\xampp\cake_2.10\lib\Cake\Controller\Controller.php(968): View->render(NULL, NULL)
#3 C:\xampp\cake_2.10\lib\Cake\Routing\Dispatcher.php(200): Controller->render()
#4 C:\xampp\cake_2.10\lib\Cake\Routing\Dispatcher.php(167): Dispatcher->_invoke(Object(JogadoresController), Object(CakeRequest))
#5 C:\xampp\htdocs\belezinhafut\index.php(118): Dispatcher->dispatch(Object(CakeRequest), Object(CakeResponse))
#6 {main}
2021-06-03 01:08:21 Error: [MissingControllerException] Controller class CssController could not be found.
Exception Attributes: array (
  'class' => 'CssController',
  'plugin' => NULL,
)
Request URL: /belezinhafut/css/bootstrap.min.css
Stack Trace:
#0 C:\xampp\htdocs\belezinhafut\index.php(118): Dispatcher->dispatch(Object(CakeRequest), Object(CakeResponse))
#1 {main}
2021-06-03 01:08:21 Error: [MissingControllerException] Controller class CssController could not be found.
Exception Attributes: array (
  'class' => 'CssController',
  'plugin' => NULL,
)
Request URL: /belezinhafut/css/starter-template.css
Stack Trace:
#0 C:\xampp\htdocs\belezinhafut\index.php(118): Dispatcher->dispatch(Object(CakeRequest), Object(CakeResponse))
#1 {main}
2021-06-03 01:08:21 Error: [MissingControllerException] Controller class JsController could not be found.
Exception Attributes: array (
  'class' => 'JsController',
  'plugin' => NULL,
)
Request URL: /belezinhafut/js/bootstrap.bundle.min.js
Stack Trace:
#0 C:\xampp\htdocs\belezinhafut\index.php(118): Dispatcher->dispatch(Object(CakeRequest), Object(CakeResponse))
#1 {main}
2021-06-03 01:08:21 Error: [MissingControllerException] Controller class JsController could not be found.
Exception Attributes: array (
  'class' => 'JsController',
  'plugin' => NULL,
)
Request URL: /belezinhafut/js/jquery-3.4.1.min.js
Stack Trace:
#0 C:\xampp\htdocs\belezinhafut\index.php(118): Dispatcher->dispatch(Object(CakeRequest), Object(CakeResponse))
#1 {main}
2021-06-03 01:08:21 Error: [MissingControllerException] Controller class JsController could not be found.
Exception Attributes: array (
  'class' => 'JsController',
  'plugin' => NULL,
)
Request URL: /belezinhafut/js/bootstrap.bundle.min.js
Stack Trace:
#0 C:\xampp\htdocs\belezinhafut\index.php(118): Dispatcher->dispatch(Object(CakeRequest), Object(CakeResponse))
#1 {main}
2021-06-03 01:08:58 Error: [MissingControllerException] Controller class CssController could not be found.
Exception Attributes: array (
  'class' => 'CssController',
  'plugin' => NULL,
)
Request URL: /belezinhafut/css/bootstrap.min.css
Stack Trace:
#0 C:\xampp\htdocs\belezinhafut\index.php(118): Dispatcher->dispatch(Object(CakeRequest), Object(CakeResponse))
#1 {main}
2021-06-03 01:08:58 Error: [MissingControllerException] Controller class JsController could not be found.
Exception Attributes: array (
  'class' => 'JsController',
  'plugin' => NULL,
)
Request URL: /belezinhafut/js/jquery-3.4.1.min.js
Stack Trace:
#0 C:\xampp\htdocs\belezinhafut\index.php(118): Dispatcher->dispatch(Object(CakeRequest), Object(CakeResponse))
#1 {main}
2021-06-03 01:08:58 Error: [MissingControllerException] Controller class CssController could not be found.
Exception Attributes: array (
  'class' => 'CssController',
  'plugin' => NULL,
)
Request URL: /belezinhafut/css/starter-template.css
Stack Trace:
#0 C:\xampp\htdocs\belezinhafut\index.php(118): Dispatcher->dispatch(Object(CakeRequest), Object(CakeResponse))
#1 {main}
2021-06-03 01:08:58 Error: [MissingControllerException] Controller class JsController could not be found.
Exception Attributes: array (
  'class' => 'JsController',
  'plugin' => NULL,
)
Request URL: /belezinhafut/js/bootstrap.bundle.min.js
Stack Trace:
#0 C:\xampp\htdocs\belezinhafut\index.php(118): Dispatcher->dispatch(Object(CakeRequest), Object(CakeResponse))
#1 {main}
2021-06-03 01:15:55 Error: [MissingControllerException] Controller class JogadoresController could not be found.
Exception Attributes: array (
  'class' => 'JogadoresController',
  'plugin' => NULL,
)
Request URL: /belezinhafut/
Stack Trace:
#0 C:\xampp\htdocs\belezinhafut\index.php(118): Dispatcher->dispatch(Object(CakeRequest), Object(CakeResponse))
#1 {main}
2021-06-03 01:16:13 Error: [MissingTableException] Table jogadors for model Jogador was not found in datasource default.
Exception Attributes: array (
  'table' => 'jogadors',
  'class' => 'Jogador',
  'ds' => 'default',
)
Request URL: /belezinhafut/
Stack Trace:
#0 C:\xampp\cake_2.10\lib\Cake\Model\Model.php(3673): Model->setSource('jogadors')
#1 C:\xampp\cake_2.10\lib\Cake\Model\Model.php(1394): Model->getDataSource()
#2 C:\xampp\cake_2.10\lib\Cake\Model\Model.php(1490): Model->schema()
#3 C:\xampp\cake_2.10\lib\Cake\Controller\Component\PaginatorComponent.php(421): Model->hasField('nome')
#4 C:\xampp\cake_2.10\lib\Cake\Controller\Component\PaginatorComponent.php(158): PaginatorComponent->validateSort(Object(AppModel), Array, Array)
#5 C:\xampp\cake_2.10\lib\Cake\Controller\Controller.php(1107): PaginatorComponent->paginate(NULL, Array, Array)
#6 C:\xampp\apps\belezinhafut\Controller\AppController.php(10): Controller->paginate()
#7 [internal function]: AppController->index('home')
#8 C:\xampp\cake_2.10\lib\Cake\Controller\Controller.php(499): ReflectionMethod->invokeArgs(Object(JogadorsController), Array)
#9 C:\xampp\cake_2.10\lib\Cake\Routing\Dispatcher.php(193): Controller->invokeAction(Object(CakeRequest))
#10 C:\xampp\cake_2.10\lib\Cake\Routing\Dispatcher.php(167): Dispatcher->_invoke(Object(JogadorsController), Object(CakeRequest))
#11 C:\xampp\htdocs\belezinhafut\index.php(118): Dispatcher->dispatch(Object(CakeRequest), Object(CakeResponse))
#12 {main}
2021-06-03 01:16:21 Error: [MissingControllerException] Controller class JogadorController could not be found.
Exception Attributes: array (
  'class' => 'JogadorController',
  'plugin' => NULL,
)
Request URL: /belezinhafut/
Stack Trace:
#0 C:\xampp\htdocs\belezinhafut\index.php(118): Dispatcher->dispatch(Object(CakeRequest), Object(CakeResponse))
#1 {main}
2021-06-03 01:16:40 Error: [MissingControllerException] Controller class JogadorController could not be found.
Exception Attributes: array (
  'class' => 'JogadorController',
  'plugin' => NULL,
)
Request URL: /belezinhafut/
Stack Trace:
#0 C:\xampp\htdocs\belezinhafut\index.php(118): Dispatcher->dispatch(Object(CakeRequest), Object(CakeResponse))
#1 {main}
2021-06-03 01:19:03 Error: [MissingViewException] View file "Common\form.ctp" is missing.
Exception Attributes: array (
  'file' => 'Common\\form.ctp',
)
Request URL: /belezinhafut/jogadors/add
Stack Trace:
#0 C:\xampp\cake_2.10\lib\Cake\View\View.php(732): View->_getViewFileName('/Common/form')
#1 C:\xampp\apps\belezinhafut\View\Jogadors\add.ctp(2): View->extend('/Common/form')
#2 C:\xampp\cake_2.10\lib\Cake\View\View.php(971): include('C:\\xampp\\apps\\b...')
#3 C:\xampp\cake_2.10\lib\Cake\View\View.php(933): View->_evaluate('C:\\xampp\\apps\\b...', Array)
#4 C:\xampp\cake_2.10\lib\Cake\View\View.php(473): View->_render('C:\\xampp\\apps\\b...')
#5 C:\xampp\cake_2.10\lib\Cake\Controller\Controller.php(968): View->render(NULL, NULL)
#6 C:\xampp\cake_2.10\lib\Cake\Routing\Dispatcher.php(200): Controller->render()
#7 C:\xampp\cake_2.10\lib\Cake\Routing\Dispatcher.php(167): Dispatcher->_invoke(Object(JogadorsController), Object(CakeRequest))
#8 C:\xampp\htdocs\belezinhafut\index.php(118): Dispatcher->dispatch(Object(CakeRequest), Object(CakeResponse))
#9 {main}
2021-06-03 01:19:04 Error: [MissingViewException] View file "Common\form.ctp" is missing.
Exception Attributes: array (
  'file' => 'Common\\form.ctp',
)
Request URL: /belezinhafut/jogadors/add
Stack Trace:
#0 C:\xampp\cake_2.10\lib\Cake\View\View.php(732): View->_getViewFileName('/Common/form')
#1 C:\xampp\apps\belezinhafut\View\Jogadors\add.ctp(2): View->extend('/Common/form')
#2 C:\xampp\cake_2.10\lib\Cake\View\View.php(971): include('C:\\xampp\\apps\\b...')
#3 C:\xampp\cake_2.10\lib\Cake\View\View.php(933): View->_evaluate('C:\\xampp\\apps\\b...', Array)
#4 C:\xampp\cake_2.10\lib\Cake\View\View.php(473): View->_render('C:\\xampp\\apps\\b...')
#5 C:\xampp\cake_2.10\lib\Cake\Controller\Controller.php(968): View->render(NULL, NULL)
#6 C:\xampp\cake_2.10\lib\Cake\Routing\Dispatcher.php(200): Controller->render()
#7 C:\xampp\cake_2.10\lib\Cake\Routing\Dispatcher.php(167): Dispatcher->_invoke(Object(JogadorsController), Object(CakeRequest))
#8 C:\xampp\htdocs\belezinhafut\index.php(118): Dispatcher->dispatch(Object(CakeRequest), Object(CakeResponse))
#9 {main}
2021-06-03 01:19:04 Error: [MissingViewException] View file "Common\form.ctp" is missing.
Exception Attributes: array (
  'file' => 'Common\\form.ctp',
)
Request URL: /belezinhafut/jogadors/add
Stack Trace:
#0 C:\xampp\cake_2.10\lib\Cake\View\View.php(732): View->_getViewFileName('/Common/form')
#1 C:\xampp\apps\belezinhafut\View\Jogadors\add.ctp(2): View->extend('/Common/form')
#2 C:\xampp\cake_2.10\lib\Cake\View\View.php(971): include('C:\\xampp\\apps\\b...')
#3 C:\xampp\cake_2.10\lib\Cake\View\View.php(933): View->_evaluate('C:\\xampp\\apps\\b...', Array)
#4 C:\xampp\cake_2.10\lib\Cake\View\View.php(473): View->_render('C:\\xampp\\apps\\b...')
#5 C:\xampp\cake_2.10\lib\Cake\Controller\Controller.php(968): View->render(NULL, NULL)
#6 C:\xampp\cake_2.10\lib\Cake\Routing\Dispatcher.php(200): Controller->render()
#7 C:\xampp\cake_2.10\lib\Cake\Routing\Dispatcher.php(167): Dispatcher->_invoke(Object(JogadorsController), Object(CakeRequest))
#8 C:\xampp\htdocs\belezinhafut\index.php(118): Dispatcher->dispatch(Object(CakeRequest), Object(CakeResponse))
#9 {main}
2021-06-03 01:19:04 Error: [MissingViewException] View file "Common\form.ctp" is missing.
Exception Attributes: array (
  'file' => 'Common\\form.ctp',
)
Request URL: /belezinhafut/jogadors/add
Stack Trace:
#0 C:\xampp\cake_2.10\lib\Cake\View\View.php(732): View->_getViewFileName('/Common/form')
#1 C:\xampp\apps\belezinhafut\View\Jogadors\add.ctp(2): View->extend('/Common/form')
#2 C:\xampp\cake_2.10\lib\Cake\View\View.php(971): include('C:\\xampp\\apps\\b...')
#3 C:\xampp\cake_2.10\lib\Cake\View\View.php(933): View->_evaluate('C:\\xampp\\apps\\b...', Array)
#4 C:\xampp\cake_2.10\lib\Cake\View\View.php(473): View->_render('C:\\xampp\\apps\\b...')
#5 C:\xampp\cake_2.10\lib\Cake\Controller\Controller.php(968): View->render(NULL, NULL)
#6 C:\xampp\cake_2.10\lib\Cake\Routing\Dispatcher.php(200): Controller->render()
#7 C:\xampp\cake_2.10\lib\Cake\Routing\Dispatcher.php(167): Dispatcher->_invoke(Object(JogadorsController), Object(CakeRequest))
#8 C:\xampp\htdocs\belezinhafut\index.php(118): Dispatcher->dispatch(Object(CakeRequest), Object(CakeResponse))
#9 {main}
2021-06-03 01:19:05 Error: [MissingViewException] View file "Common\form.ctp" is missing.
Exception Attributes: array (
  'file' => 'Common\\form.ctp',
)
Request URL: /belezinhafut/jogadors/add
Stack Trace:
#0 C:\xampp\cake_2.10\lib\Cake\View\View.php(732): View->_getViewFileName('/Common/form')
#1 C:\xampp\apps\belezinhafut\View\Jogadors\add.ctp(2): View->extend('/Common/form')
#2 C:\xampp\cake_2.10\lib\Cake\View\View.php(971): include('C:\\xampp\\apps\\b...')
#3 C:\xampp\cake_2.10\lib\Cake\View\View.php(933): View->_evaluate('C:\\xampp\\apps\\b...', Array)
#4 C:\xampp\cake_2.10\lib\Cake\View\View.php(473): View->_render('C:\\xampp\\apps\\b...')
#5 C:\xampp\cake_2.10\lib\Cake\Controller\Controller.php(968): View->render(NULL, NULL)
#6 C:\xampp\cake_2.10\lib\Cake\Routing\Dispatcher.php(200): Controller->render()
#7 C:\xampp\cake_2.10\lib\Cake\Routing\Dispatcher.php(167): Dispatcher->_invoke(Object(JogadorsController), Object(CakeRequest))
#8 C:\xampp\htdocs\belezinhafut\index.php(118): Dispatcher->dispatch(Object(CakeRequest), Object(CakeResponse))
#9 {main}
2021-06-03 01:19:54 Error: [MissingViewException] View file "Common\form.ctp" is missing.
Exception Attributes: array (
  'file' => 'Common\\form.ctp',
)
Request URL: /belezinhafut/jogadors/add
Stack Trace:
#0 C:\xampp\cake_2.10\lib\Cake\View\View.php(732): View->_getViewFileName('/Common/form')
#1 C:\xampp\apps\belezinhafut\View\Jogadors\add.ctp(2): View->extend('/Common/form')
#2 C:\xampp\cake_2.10\lib\Cake\View\View.php(971): include('C:\\xampp\\apps\\b...')
#3 C:\xampp\cake_2.10\lib\Cake\View\View.php(933): View->_evaluate('C:\\xampp\\apps\\b...', Array)
#4 C:\xampp\cake_2.10\lib\Cake\View\View.php(473): View->_render('C:\\xampp\\apps\\b...')
#5 C:\xampp\cake_2.10\lib\Cake\Controller\Controller.php(968): View->render(NULL, NULL)
#6 C:\xampp\cake_2.10\lib\Cake\Routing\Dispatcher.php(200): Controller->render()
#7 C:\xampp\cake_2.10\lib\Cake\Routing\Dispatcher.php(167): Dispatcher->_invoke(Object(JogadorsController), Object(CakeRequest))
#8 C:\xampp\htdocs\belezinhafut\index.php(118): Dispatcher->dispatch(Object(CakeRequest), Object(CakeResponse))
#9 {main}
2021-06-03 01:24:53 Error: [MissingControllerException] Controller class JogadoresController could not be found.
Exception Attributes: array (
  'class' => 'JogadoresController',
  'plugin' => NULL,
)
Request URL: /belezinhafut/jogadores
Stack Trace:
#0 C:\xampp\htdocs\belezinhafut\index.php(118): Dispatcher->dispatch(Object(CakeRequest), Object(CakeResponse))
#1 {main}
2021-06-03 01:26:34 Error: [MissingControllerException] Controller class JogadoresController could not be found.
Exception Attributes: array (
  'class' => 'JogadoresController',
  'plugin' => NULL,
)
Request URL: /belezinhafut/jogadores
Stack Trace:
#0 C:\xampp\htdocs\belezinhafut\index.php(118): Dispatcher->dispatch(Object(CakeRequest), Object(CakeResponse))
#1 {main}
2021-06-03 01:28:24 Error: [MissingControllerException] Controller class JsController could not be found.
Exception Attributes: array (
  'class' => 'JsController',
  'plugin' => NULL,
)
Request URL: /belezinhafut/js/bootstrap.bundle.min.js.map
Stack Trace:
#0 C:\xampp\htdocs\belezinhafut\index.php(118): Dispatcher->dispatch(Object(CakeRequest), Object(CakeResponse))
#1 {main}
2021-06-03 01:28:24 Error: [MissingControllerException] Controller class CssController could not be found.
Exception Attributes: array (
  'class' => 'CssController',
  'plugin' => NULL,
)
Request URL: /belezinhafut/css/bootstrap.min.css.map
Stack Trace:
#0 C:\xampp\htdocs\belezinhafut\index.php(118): Dispatcher->dispatch(Object(CakeRequest), Object(CakeResponse))
#1 {main}
2021-06-03 01:28:24 Error: [MissingControllerException] Controller class Bootstrap.bundle.min.js.mapController could not be found.
Exception Attributes: array (
  'class' => 'Bootstrap.bundle.min.js.mapController',
  'plugin' => NULL,
)
Request URL: /belezinhafut/bootstrap.bundle.min.js.map
Stack Trace:
#0 C:\xampp\htdocs\belezinhafut\index.php(118): Dispatcher->dispatch(Object(CakeRequest), Object(CakeResponse))
#1 {main}
2021-06-03 01:29:50 Error: [MissingControllerException] Controller class CssController could not be found.
Exception Attributes: array (
  'class' => 'CssController',
  'plugin' => NULL,
)
Request URL: /belezinhafut/css/bootstrap.min.css.map
Stack Trace:
#0 C:\xampp\htdocs\belezinhafut\index.php(118): Dispatcher->dispatch(Object(CakeRequest), Object(CakeResponse))
#1 {main}
2021-06-03 01:29:50 Error: [MissingControllerException] Controller class JsController could not be found.
Exception Attributes: array (
  'class' => 'JsController',
  'plugin' => NULL,
)
Request URL: /belezinhafut/js/bootstrap.bundle.min.js.map
Stack Trace:
#0 C:\xampp\htdocs\belezinhafut\index.php(118): Dispatcher->dispatch(Object(CakeRequest), Object(CakeResponse))
#1 {main}
2021-06-03 01:29:52 Error: [MissingControllerException] Controller class Bootstrap.bundle.min.js.mapController could not be found.
Exception Attributes: array (
  'class' => 'Bootstrap.bundle.min.js.mapController',
  'plugin' => NULL,
)
Request URL: /belezinhafut/bootstrap.bundle.min.js.map
Stack Trace:
#0 C:\xampp\htdocs\belezinhafut\index.php(118): Dispatcher->dispatch(Object(CakeRequest), Object(CakeResponse))
#1 {main}
2021-06-03 01:29:52 Error: [MissingControllerException] Controller class CssController could not be found.
Exception Attributes: array (
  'class' => 'CssController',
  'plugin' => NULL,
)
Request URL: /belezinhafut/css/bootstrap.min.css.map
Stack Trace:
#0 C:\xampp\htdocs\belezinhafut\index.php(118): Dispatcher->dispatch(Object(CakeRequest), Object(CakeResponse))
#1 {main}
2021-06-03 01:31:28 Error: Fatal Error (1): Call to undefined method JogadorsController::getEditData() in [C:\xampp\apps\belezinhafut\Controller\AppController.php, line 36]
2021-06-03 01:31:28 Error: [FatalErrorException] Call to undefined method JogadorsController::getEditData()
Request URL: /belezinhafut/jogadors/view/1
Stack Trace:
#0 C:\xampp\cake_2.10\lib\Cake\Error\ErrorHandler.php(212): ErrorHandler::handleFatalError(1, 'Call to undefin...', 'C:\\xampp\\apps\\b...', 36)
#1 [internal function]: ErrorHandler::handleError(1, 'Call to undefin...', 'C:\\xampp\\apps\\b...', 36, Array)
#2 C:\xampp\cake_2.10\lib\Cake\Core\App.php(970): call_user_func('ErrorHandler::h...', 1, 'Call to undefin...', 'C:\\xampp\\apps\\b...', 36, Array)
#3 C:\xampp\cake_2.10\lib\Cake\Core\App.php(943): App::_checkFatalError()
#4 [internal function]: App::shutdown()
#5 {main}
2021-06-03 01:31:29 Error: Fatal Error (1): Call to undefined method JogadorsController::getEditData() in [C:\xampp\apps\belezinhafut\Controller\AppController.php, line 36]
2021-06-03 01:31:29 Error: [FatalErrorException] Call to undefined method JogadorsController::getEditData()
Request URL: /belezinhafut/jogadors/view/1
Stack Trace:
#0 C:\xampp\cake_2.10\lib\Cake\Error\ErrorHandler.php(212): ErrorHandler::handleFatalError(1, 'Call to undefin...', 'C:\\xampp\\apps\\b...', 36)
#1 [internal function]: ErrorHandler::handleError(1, 'Call to undefin...', 'C:\\xampp\\apps\\b...', 36, Array)
#2 C:\xampp\cake_2.10\lib\Cake\Core\App.php(970): call_user_func('ErrorHandler::h...', 1, 'Call to undefin...', 'C:\\xampp\\apps\\b...', 36, Array)
#3 C:\xampp\cake_2.10\lib\Cake\Core\App.php(943): App::_checkFatalError()
#4 [internal function]: App::shutdown()
#5 {main}
2021-06-03 01:31:29 Error: Fatal Error (1): Call to undefined method JogadorsController::getEditData() in [C:\xampp\apps\belezinhafut\Controller\AppController.php, line 36]
2021-06-03 01:31:29 Error: [FatalErrorException] Call to undefined method JogadorsController::getEditData()
Request URL: /belezinhafut/jogadors/view/1
Stack Trace:
#0 C:\xampp\cake_2.10\lib\Cake\Error\ErrorHandler.php(212): ErrorHandler::handleFatalError(1, 'Call to undefin...', 'C:\\xampp\\apps\\b...', 36)
#1 [internal function]: ErrorHandler::handleError(1, 'Call to undefin...', 'C:\\xampp\\apps\\b...', 36, Array)
#2 C:\xampp\cake_2.10\lib\Cake\Core\App.php(970): call_user_func('ErrorHandler::h...', 1, 'Call to undefin...', 'C:\\xampp\\apps\\b...', 36, Array)
#3 C:\xampp\cake_2.10\lib\Cake\Core\App.php(943): App::_checkFatalError()
#4 [internal function]: App::shutdown()
#5 {main}
2021-06-03 01:31:30 Error: Fatal Error (1): Call to undefined method JogadorsController::getEditData() in [C:\xampp\apps\belezinhafut\Controller\AppController.php, line 36]
2021-06-03 01:31:30 Error: [FatalErrorException] Call to undefined method JogadorsController::getEditData()
Request URL: /belezinhafut/jogadors/view/1
Stack Trace:
#0 C:\xampp\cake_2.10\lib\Cake\Error\ErrorHandler.php(212): ErrorHandler::handleFatalError(1, 'Call to undefin...', 'C:\\xampp\\apps\\b...', 36)
#1 [internal function]: ErrorHandler::handleError(1, 'Call to undefin...', 'C:\\xampp\\apps\\b...', 36, Array)
#2 C:\xampp\cake_2.10\lib\Cake\Core\App.php(970): call_user_func('ErrorHandler::h...', 1, 'Call to undefin...', 'C:\\xampp\\apps\\b...', 36, Array)
#3 C:\xampp\cake_2.10\lib\Cake\Core\App.php(943): App::_checkFatalError()
#4 [internal function]: App::shutdown()
#5 {main}
2021-06-03 01:33:46 Error: [MissingControllerException] Controller class JogadoresController could not be found.
Exception Attributes: array (
  'class' => 'JogadoresController',
  'plugin' => NULL,
)
Request URL: /belezinhafut/jogadores
Stack Trace:
#0 C:\xampp\htdocs\belezinhafut\index.php(118): Dispatcher->dispatch(Object(CakeRequest), Object(CakeResponse))
#1 {main}
2021-06-03 01:42:36 Error: [MissingControllerException] Controller class BuscarJogadorController could not be found.
Exception Attributes: array (
  'class' => 'BuscarJogadorController',
  'plugin' => NULL,
)
Request URL: /belezinhafut/buscarJogador/1
Stack Trace:
#0 C:\xampp\htdocs\belezinhafut\index.php(118): Dispatcher->dispatch(Object(CakeRequest), Object(CakeResponse))
#1 {main}
